<?xml version="1.0" encoding="UTF-8"?>
<testng-results ignored="2" total="4" passed="2" failed="0" skipped="0">
  <reporter-output>
  </reporter-output>
  <suite started-at="2023-08-16T14:50:32 IST" name="Suite" finished-at="2023-08-16T14:50:32 IST" duration-ms="95">
    <groups>
      <group name="smoke">
        <method signature="CreateDataTest.createTest()[pri:0, instance:com.SampleProject.CreateDataTest@659499f1]" name="createTest" class="com.SampleProject.CreateDataTest"/>
        <method signature="ModifyDataTest.deleteTest()[pri:0, instance:com.SampleProject.ModifyDataTest@783a467b]" name="deleteTest" class="com.SampleProject.ModifyDataTest"/>
      </group> <!-- smoke -->
    </groups>
    <test started-at="2023-08-16T14:50:32 IST" name="Test" finished-at="2023-08-16T14:50:32 IST" duration-ms="95">
      <class name="com.SampleProject.CreateDataTest">
        <test-method signature="createTest()[pri:0, instance:com.SampleProject.CreateDataTest@659499f1]" started-at="2023-08-16T14:50:32 IST" name="createTest" finished-at="2023-08-16T14:50:32 IST" duration-ms="20" status="PASS">
          <reporter-output>
          </reporter-output>
        </test-method> <!-- createTest -->
      </class> <!-- com.SampleProject.CreateDataTest -->
      <class name="com.SampleProject.ModifyDataTest">
        <test-method signature="deleteTest()[pri:0, instance:com.SampleProject.ModifyDataTest@783a467b]" started-at="2023-08-16T14:50:32 IST" name="deleteTest" finished-at="2023-08-16T14:50:32 IST" duration-ms="5" status="PASS">
          <reporter-output>
          </reporter-output>
        </test-method> <!-- deleteTest -->
      </class> <!-- com.SampleProject.ModifyDataTest -->
    </test> <!-- Test -->
  </suite> <!-- Suite -->
</testng-results>
