<?xml version="1.0" encoding="UTF-8"?>
<!-- Generated by org.testng.reporters.JUnitXMLReporter -->
<testsuite ignored="2" hostname="DESKTOP-ORKTBJG" failures="0" tests="2" name="Test" time="0.095" errors="0" timestamp="2023-08-16T14:50:32 IST">
  <testcase classname="com.SampleProject.CreateDataTest" name="createTest" time="0.02"/>
  <testcase classname="com.SampleProject.ModifyDataTest" name="deleteTest" time="0.005"/>
  <testcase classname="com.SampleProject.ModifyDataTest" name="modifyTest" time="0.0">
    <ignored/>
  </testcase> <!-- modifyTest -->
  <testcase classname="com.SampleProject.CreateDataTest" name="insertData" time="0.0">
    <ignored/>
  </testcase> <!-- insertData -->
</testsuite> <!-- Test -->
